<?xml version="1.0" encoding="UTF-8"?>
<testng-results ignored="0" total="3" passed="3" failed="0" skipped="0">
  <reporter-output>
  </reporter-output>
  <suite started-at="2023-12-12T14:30:44 IST" name="Default suite" finished-at="2023-12-12T14:31:55 IST" duration-ms="70555">
    <groups>
      <group name="cucumber">
        <method signature="AbstractTestNGCucumberTests.runScenario(io.cucumber.testng.PickleWrapper,io.cucumber.testng.FeatureWrapper)[pri:0, instance:testRunners.TestRunnerApi@2e1ef60]" name="runScenario" class="io.cucumber.testng.AbstractTestNGCucumberTests"/>
      </group> <!-- cucumber -->
    </groups>
    <test started-at="2023-12-12T14:30:44 IST" name="Default test" finished-at="2023-12-12T14:31:55 IST" duration-ms="70555">
      <class name="testRunners.TestRunnerApi">
        <test-method is-config="true" signature="setUpClass(org.testng.ITestContext)[pri:0, instance:testRunners.TestRunnerApi@2e1ef60]" started-at="2023-12-12T14:30:44 IST" name="setUpClass" finished-at="2023-12-12T14:30:45 IST" duration-ms="428" status="PASS">
          <params>
            <param index="0">
              <value>
                <![CDATA[org.testng.TestRunner@3739f3c9]]>
              </value>
            </param>
          </params>
          <reporter-output>
          </reporter-output>
        </test-method> <!-- setUpClass -->
        <test-method signature="runScenario(io.cucumber.testng.PickleWrapper,io.cucumber.testng.FeatureWrapper)[pri:0, instance:testRunners.TestRunnerApi@2e1ef60]" started-at="2023-12-12T14:30:45 IST" name="runScenario" description="Runs Cucumber Scenarios" data-provider="scenarios" finished-at="2023-12-12T14:30:53 IST" duration-ms="8076" status="PASS">
          <params>
            <param index="0">
              <value>
                <![CDATA["User generates token for Authorization"]]>
              </value>
            </param>
            <param index="1">
              <value>
                <![CDATA["Call Center Api Scenario"]]>
              </value>
            </param>
          </params>
          <reporter-output>
          </reporter-output>
        </test-method> <!-- runScenario -->
        <test-method signature="runScenario(io.cucumber.testng.PickleWrapper,io.cucumber.testng.FeatureWrapper)[pri:0, instance:testRunners.TestRunnerApi@2e1ef60]" started-at="2023-12-12T14:30:53 IST" name="runScenario" description="Runs Cucumber Scenarios" data-provider="scenarios" finished-at="2023-12-12T14:31:13 IST" duration-ms="19959" status="PASS">
          <params>
            <param index="0">
              <value>
                <![CDATA["Verify if order Creation is succesfully using createorderAPI"]]>
              </value>
            </param>
            <param index="1">
              <value>
                <![CDATA["Call Center Api Scenario"]]>
              </value>
            </param>
          </params>
          <reporter-output>
          </reporter-output>
        </test-method> <!-- runScenario -->
        <test-method signature="runScenario(io.cucumber.testng.PickleWrapper,io.cucumber.testng.FeatureWrapper)[pri:0, instance:testRunners.TestRunnerApi@2e1ef60]" started-at="2023-12-12T14:31:13 IST" name="runScenario" description="Runs Cucumber Scenarios" data-provider="scenarios" finished-at="2023-12-12T14:31:55 IST" duration-ms="41914" status="PASS">
          <params>
            <param index="0">
              <value>
                <![CDATA["Verify if shipment creation is succesfully using createshipmentAPI"]]>
              </value>
            </param>
            <param index="1">
              <value>
                <![CDATA["Call Center Api Scenario"]]>
              </value>
            </param>
          </params>
          <reporter-output>
          </reporter-output>
        </test-method> <!-- runScenario -->
        <test-method is-config="true" signature="tearDownClass()[pri:0, instance:testRunners.TestRunnerApi@2e1ef60]" started-at="2023-12-12T14:31:55 IST" name="tearDownClass" finished-at="2023-12-12T14:31:55 IST" duration-ms="66" status="PASS">
          <reporter-output>
          </reporter-output>
        </test-method> <!-- tearDownClass -->
      </class> <!-- testRunners.TestRunnerApi -->
    </test> <!-- Default test -->
  </suite> <!-- Default suite -->
</testng-results>
