<?xml version="1.0" encoding="UTF-8"?>
<!-- Generated by org.testng.reporters.JUnitXMLReporter -->
<testsuite ignored="0" hostname="ShubhamMalviya" failures="2" tests="2" name="Default test" time="127.773" errors="0" timestamp="2023-12-14T13:52:57 IST">
  <testcase classname="io.cucumber.testng.AbstractTestNGCucumberTests" name="runScenario" time="12.241">
    <failure type="org.openqa.selenium.ElementClickInterceptedException" message="element click intercepted: Element &amp;lt;span role=&amp;quot;checkbox&amp;quot; class=&amp;quot;gridxIndirectSelectionCheckBox dijitReset dijitInline dijitCheckBox &amp;quot; aria-checked=&amp;quot;false&amp;quot;&amp;gt;...&amp;lt;/span&amp;gt; is not clickable at point (15, 383). Other element would receive the click: &amp;lt;div class=&amp;quot;dijitDialogUnderlay scMask&amp;quot; dojoattachpoint=&amp;quot;node&amp;quot; role=&amp;quot;alert&amp;quot; id=&amp;quot;dialogId_underlay&amp;quot; style=&amp;quot;width: 1263px; height: 551px; text-align: center;&amp;quot;&amp;gt;&amp;lt;/div&amp;gt;
  (Session info: chrome=120.0.6099.71)
Build info: version: &amp;apos;4.4.0&amp;apos;, revision: &amp;apos;e5c75ed026a&amp;apos;
System info: host: &amp;apos;SHUBHAMMALVIYA&amp;apos;, ip: &amp;apos;192.168.29.61&amp;apos;, os.name: &amp;apos;Windows 11&amp;apos;, os.arch: &amp;apos;amd64&amp;apos;, os.version: &amp;apos;10.0&amp;apos;, java.version: &amp;apos;17.0.9&amp;apos;
Driver info: org.openqa.selenium.chrome.ChromeDriver
Command: [49aa5122bd2a4e05c5f74827269aea6a, clickElement {id=68027BC6423CB8F4125F684B5FE9F810_element_79}]
Capabilities {acceptInsecureCerts: false, browserName: chrome, browserVersion: 120.0.6099.71, chrome: {chromedriverVersion: 120.0.6099.71 (9729082fe617..., userDataDir: C:\Users\SHUBHA~1\AppData\L...}, fedcm:accounts: true, goog:chromeOptions: {debuggerAddress: localhost:54054}, networkConnectionEnabled: false, pageLoadStrategy: normal, platformName: WINDOWS, proxy: Proxy(), se:cdp: ws://localhost:54054/devtoo..., se:cdpVersion: 120.0.6099.71, setWindowRect: true, strictFileInteractability: false, timeouts: {implicit: 0, pageLoad: 300000, script: 30000}, unhandledPromptBehavior: dismiss and notify, webauthn:extension:credBlob: true, webauthn:extension:largeBlob: true, webauthn:extension:minPinLength: true, webauthn:extension:prf: true, webauthn:virtualAuthenticators: true}
Element: [[ChromeDriver: chrome on WINDOWS (49aa5122bd2a4e05c5f74827269aea6a)] -&amp;gt; xpath: (//div[@uid=&amp;apos;OLST_listGrid&amp;apos;]/descendant::span[@class= &amp;apos;gridxIndirectSelectionCheckBox dijitReset dijitInline dijitCheckBox &amp;apos;])[2]]
Session ID: 49aa5122bd2a4e05c5f74827269aea6a">
      <![CDATA[org.openqa.selenium.ElementClickInterceptedException: element click intercepted: Element <span role="checkbox" class="gridxIndirectSelectionCheckBox dijitReset dijitInline dijitCheckBox " aria-checked="false">...</span> is not clickable at point (15, 383). Other element would receive the click: <div class="dijitDialogUnderlay scMask" dojoattachpoint="node" role="alert" id="dialogId_underlay" style="width: 1263px; height: 551px; text-align: center;"></div>
  (Session info: chrome=120.0.6099.71)
Build info: version: '4.4.0', revision: 'e5c75ed026a'
System info: host: 'SHUBHAMMALVIYA', ip: '192.168.29.61', os.name: 'Windows 11', os.arch: 'amd64', os.version: '10.0', java.version: '17.0.9'
Driver info: org.openqa.selenium.chrome.ChromeDriver
Command: [49aa5122bd2a4e05c5f74827269aea6a, clickElement {id=68027BC6423CB8F4125F684B5FE9F810_element_79}]
Capabilities {acceptInsecureCerts: false, browserName: chrome, browserVersion: 120.0.6099.71, chrome: {chromedriverVersion: 120.0.6099.71 (9729082fe617..., userDataDir: C:\Users\SHUBHA~1\AppData\L...}, fedcm:accounts: true, goog:chromeOptions: {debuggerAddress: localhost:54054}, networkConnectionEnabled: false, pageLoadStrategy: normal, platformName: WINDOWS, proxy: Proxy(), se:cdp: ws://localhost:54054/devtoo..., se:cdpVersion: 120.0.6099.71, setWindowRect: true, strictFileInteractability: false, timeouts: {implicit: 0, pageLoad: 300000, script: 30000}, unhandledPromptBehavior: dismiss and notify, webauthn:extension:credBlob: true, webauthn:extension:largeBlob: true, webauthn:extension:minPinLength: true, webauthn:extension:prf: true, webauthn:virtualAuthenticators: true}
Element: [[ChromeDriver: chrome on WINDOWS (49aa5122bd2a4e05c5f74827269aea6a)] -> xpath: (//div[@uid='OLST_listGrid']/descendant::span[@class= 'gridxIndirectSelectionCheckBox dijitReset dijitInline dijitCheckBox '])[2]]
Session ID: 49aa5122bd2a4e05c5f74827269aea6a
at java.base/jdk.internal.reflect.NativeConstructorAccessorImpl.newInstance0(Native Method)
at java.base/jdk.internal.reflect.NativeConstructorAccessorImpl.newInstance(NativeConstructorAccessorImpl.java:77)
at java.base/jdk.internal.reflect.DelegatingConstructorAccessorImpl.newInstance(DelegatingConstructorAccessorImpl.java:45)
at java.base/java.lang.reflect.Constructor.newInstanceWithCaller(Constructor.java:499)
at java.base/java.lang.reflect.Constructor.newInstance(Constructor.java:480)
at org.openqa.selenium.remote.codec.w3c.W3CHttpResponseCodec.createException(W3CHttpResponseCodec.java:200)
at org.openqa.selenium.remote.codec.w3c.W3CHttpResponseCodec.decode(W3CHttpResponseCodec.java:133)
at org.openqa.selenium.remote.codec.w3c.W3CHttpResponseCodec.decode(W3CHttpResponseCodec.java:53)
at org.openqa.selenium.remote.HttpCommandExecutor.execute(HttpCommandExecutor.java:184)
at org.openqa.selenium.remote.service.DriverCommandExecutor.invokeExecute(DriverCommandExecutor.java:167)
at org.openqa.selenium.remote.service.DriverCommandExecutor.execute(DriverCommandExecutor.java:142)
at org.openqa.selenium.remote.RemoteWebDriver.execute(RemoteWebDriver.java:547)
at org.openqa.selenium.remote.RemoteWebElement.execute(RemoteWebElement.java:257)
at org.openqa.selenium.remote.RemoteWebElement.click(RemoteWebElement.java:78)
at java.base/jdk.internal.reflect.NativeMethodAccessorImpl.invoke0(Native Method)
at java.base/jdk.internal.reflect.NativeMethodAccessorImpl.invoke(NativeMethodAccessorImpl.java:77)
at java.base/jdk.internal.reflect.DelegatingMethodAccessorImpl.invoke(DelegatingMethodAccessorImpl.java:43)
at java.base/java.lang.reflect.Method.invoke(Method.java:568)
at org.openqa.selenium.support.pagefactory.internal.LocatingElementHandler.invoke(LocatingElementHandler.java:52)
at jdk.proxy2/jdk.proxy2.$Proxy32.click(Unknown Source)
at utils.BasePage.click(BasePage.java:58)
at pages.web.CancelProductWebPage.selectCheckBtn(CancelProductWebPage.java:83)
at stepDefinitions.CallCenterUI_SecnarioStepDef.click_on_check_box_in_cancel_product_page(CallCenterUI_SecnarioStepDef.java:186)
at ✽.Click on CheckBox in Cancel product Page(file:///C:/Shubham/OMS-Balsam-Automation/BALSAM_OMS_EcommerceAutomationFramework/src/test/resources/features/web/CallCenterUI_Senarios.feature:49)
]]>
    </failure>
  </testcase> <!-- runScenario -->
  <testcase classname="io.cucumber.testng.AbstractTestNGCucumberTests" name="runScenario" time="13.872">
    <failure type="org.openqa.selenium.ElementClickInterceptedException" message="element click intercepted: Element &amp;lt;span role=&amp;quot;checkbox&amp;quot; class=&amp;quot;gridxIndirectSelectionCheckBox dijitReset dijitInline dijitCheckBox &amp;quot; aria-checked=&amp;quot;false&amp;quot;&amp;gt;...&amp;lt;/span&amp;gt; is not clickable at point (15, 430). Other element would receive the click: &amp;lt;div class=&amp;quot;dijitDialogUnderlay scMask&amp;quot; dojoattachpoint=&amp;quot;node&amp;quot; role=&amp;quot;alert&amp;quot; id=&amp;quot;dialogId_underlay&amp;quot; style=&amp;quot;width: 1263px; height: 551px; text-align: center;&amp;quot;&amp;gt;&amp;lt;/div&amp;gt;
  (Session info: chrome=120.0.6099.71)
Build info: version: &amp;apos;4.4.0&amp;apos;, revision: &amp;apos;e5c75ed026a&amp;apos;
System info: host: &amp;apos;SHUBHAMMALVIYA&amp;apos;, ip: &amp;apos;192.168.29.61&amp;apos;, os.name: &amp;apos;Windows 11&amp;apos;, os.arch: &amp;apos;amd64&amp;apos;, os.version: &amp;apos;10.0&amp;apos;, java.version: &amp;apos;17.0.9&amp;apos;
Driver info: org.openqa.selenium.chrome.ChromeDriver
Command: [b2ff93791c3d61bd70f7577d8b4106f7, clickElement {id=5A6CBA57B8EB8800C9F892587AC5D0AE_element_80}]
Capabilities {acceptInsecureCerts: false, browserName: chrome, browserVersion: 120.0.6099.71, chrome: {chromedriverVersion: 120.0.6099.71 (9729082fe617..., userDataDir: C:\Users\SHUBHA~1\AppData\L...}, fedcm:accounts: true, goog:chromeOptions: {debuggerAddress: localhost:54130}, networkConnectionEnabled: false, pageLoadStrategy: normal, platformName: WINDOWS, proxy: Proxy(), se:cdp: ws://localhost:54130/devtoo..., se:cdpVersion: 120.0.6099.71, setWindowRect: true, strictFileInteractability: false, timeouts: {implicit: 0, pageLoad: 300000, script: 30000}, unhandledPromptBehavior: dismiss and notify, webauthn:extension:credBlob: true, webauthn:extension:largeBlob: true, webauthn:extension:minPinLength: true, webauthn:extension:prf: true, webauthn:virtualAuthenticators: true}
Element: [[ChromeDriver: chrome on WINDOWS (b2ff93791c3d61bd70f7577d8b4106f7)] -&amp;gt; xpath: (//div[@uid=&amp;apos;OLST_listGrid&amp;apos;]/descendant::span[@class= &amp;apos;gridxIndirectSelectionCheckBox dijitReset dijitInline dijitCheckBox &amp;apos;])[3]]
Session ID: b2ff93791c3d61bd70f7577d8b4106f7">
      <![CDATA[org.openqa.selenium.ElementClickInterceptedException: element click intercepted: Element <span role="checkbox" class="gridxIndirectSelectionCheckBox dijitReset dijitInline dijitCheckBox " aria-checked="false">...</span> is not clickable at point (15, 430). Other element would receive the click: <div class="dijitDialogUnderlay scMask" dojoattachpoint="node" role="alert" id="dialogId_underlay" style="width: 1263px; height: 551px; text-align: center;"></div>
  (Session info: chrome=120.0.6099.71)
Build info: version: '4.4.0', revision: 'e5c75ed026a'
System info: host: 'SHUBHAMMALVIYA', ip: '192.168.29.61', os.name: 'Windows 11', os.arch: 'amd64', os.version: '10.0', java.version: '17.0.9'
Driver info: org.openqa.selenium.chrome.ChromeDriver
Command: [b2ff93791c3d61bd70f7577d8b4106f7, clickElement {id=5A6CBA57B8EB8800C9F892587AC5D0AE_element_80}]
Capabilities {acceptInsecureCerts: false, browserName: chrome, browserVersion: 120.0.6099.71, chrome: {chromedriverVersion: 120.0.6099.71 (9729082fe617..., userDataDir: C:\Users\SHUBHA~1\AppData\L...}, fedcm:accounts: true, goog:chromeOptions: {debuggerAddress: localhost:54130}, networkConnectionEnabled: false, pageLoadStrategy: normal, platformName: WINDOWS, proxy: Proxy(), se:cdp: ws://localhost:54130/devtoo..., se:cdpVersion: 120.0.6099.71, setWindowRect: true, strictFileInteractability: false, timeouts: {implicit: 0, pageLoad: 300000, script: 30000}, unhandledPromptBehavior: dismiss and notify, webauthn:extension:credBlob: true, webauthn:extension:largeBlob: true, webauthn:extension:minPinLength: true, webauthn:extension:prf: true, webauthn:virtualAuthenticators: true}
Element: [[ChromeDriver: chrome on WINDOWS (b2ff93791c3d61bd70f7577d8b4106f7)] -> xpath: (//div[@uid='OLST_listGrid']/descendant::span[@class= 'gridxIndirectSelectionCheckBox dijitReset dijitInline dijitCheckBox '])[3]]
Session ID: b2ff93791c3d61bd70f7577d8b4106f7
at java.base/jdk.internal.reflect.NativeConstructorAccessorImpl.newInstance0(Native Method)
at java.base/jdk.internal.reflect.NativeConstructorAccessorImpl.newInstance(NativeConstructorAccessorImpl.java:77)
at java.base/jdk.internal.reflect.DelegatingConstructorAccessorImpl.newInstance(DelegatingConstructorAccessorImpl.java:45)
at java.base/java.lang.reflect.Constructor.newInstanceWithCaller(Constructor.java:499)
at java.base/java.lang.reflect.Constructor.newInstance(Constructor.java:480)
at org.openqa.selenium.remote.codec.w3c.W3CHttpResponseCodec.createException(W3CHttpResponseCodec.java:200)
at org.openqa.selenium.remote.codec.w3c.W3CHttpResponseCodec.decode(W3CHttpResponseCodec.java:133)
at org.openqa.selenium.remote.codec.w3c.W3CHttpResponseCodec.decode(W3CHttpResponseCodec.java:53)
at org.openqa.selenium.remote.HttpCommandExecutor.execute(HttpCommandExecutor.java:184)
at org.openqa.selenium.remote.service.DriverCommandExecutor.invokeExecute(DriverCommandExecutor.java:167)
at org.openqa.selenium.remote.service.DriverCommandExecutor.execute(DriverCommandExecutor.java:142)
at org.openqa.selenium.remote.RemoteWebDriver.execute(RemoteWebDriver.java:547)
at org.openqa.selenium.remote.RemoteWebElement.execute(RemoteWebElement.java:257)
at org.openqa.selenium.remote.RemoteWebElement.click(RemoteWebElement.java:78)
at java.base/jdk.internal.reflect.NativeMethodAccessorImpl.invoke0(Native Method)
at java.base/jdk.internal.reflect.NativeMethodAccessorImpl.invoke(NativeMethodAccessorImpl.java:77)
at java.base/jdk.internal.reflect.DelegatingMethodAccessorImpl.invoke(DelegatingMethodAccessorImpl.java:43)
at java.base/java.lang.reflect.Method.invoke(Method.java:568)
at org.openqa.selenium.support.pagefactory.internal.LocatingElementHandler.invoke(LocatingElementHandler.java:52)
at jdk.proxy2/jdk.proxy2.$Proxy32.click(Unknown Source)
at utils.BasePage.click(BasePage.java:58)
at pages.web.CancelProductWebPage.partialselectCheckBtn(CancelProductWebPage.java:90)
at stepDefinitions.CallCenterUI_SecnarioStepDef.click_on_check_box_in_partial_cancel_product_page(CallCenterUI_SecnarioStepDef.java:213)
at ✽.Click on CheckBox in Partial Cancel product Page(file:///C:/Shubham/OMS-Balsam-Automation/BALSAM_OMS_EcommerceAutomationFramework/src/test/resources/features/web/CallCenterUI_Senarios.feature:60)
]]>
    </failure>
  </testcase> <!-- runScenario -->
</testsuite> <!-- Default test -->
