<?xml version="1.0" encoding="UTF-8"?>
<!-- Generated by org.testng.reporters.JUnitReportReporter -->
<testsuite hostname="ShubhamMalviya" failures="0" tests="2" name="testRunners.TestRunner" time="127.077" errors="2" timestamp="2023-12-14T13:52:58 IST" skipped="0">
  <testcase classname="testRunners.TestRunner" name="runScenario" time="63.932">
    <error message="element click intercepted: Element &lt;span role=&quot;checkbox&quot; class=&quot;gridxIndirectSelectionCheckBox dijitReset dijitInline dijitCheckBox &quot; aria-checked=&quot;false&quot;&gt;...&lt;/span&gt; is not clickable at point (15, 383). Other element would receive the click: &lt;div class=&quot;dijitDialogUnderlay scMask&quot; dojoattachpoint=&quot;node&quot; role=&quot;alert&quot; id=&quot;dialogId_underlay&quot; style=&quot;width: 1263px; height: 551px; text-align: center;&quot;&gt;&lt;/div&gt;
  (Session info: chrome=120.0.6099.71)
Build info: version: &#039;4.4.0&#039;, revision: &#039;e5c75ed026a&#039;
System info: host: &#039;SHUBHAMMALVIYA&#039;, ip: &#039;192.168.29.61&#039;, os.name: &#039;Windows 11&#039;, os.arch: &#039;amd64&#039;, os.version: &#039;10.0&#039;, java.version: &#039;17.0.9&#039;
Driver info: org.openqa.selenium.chrome.ChromeDriver
Command: [49aa5122bd2a4e05c5f74827269aea6a, clickElement {id=68027BC6423CB8F4125F684B5FE9F810_element_79}]
Capabilities {acceptInsecureCerts: false, browserName: chrome, browserVersion: 120.0.6099.71, chrome: {chromedriverVersion: 120.0.6099.71 (9729082fe617..., userDataDir: C:\Users\SHUBHA~1\AppData\L...}, fedcm:accounts: true, goog:chromeOptions: {debuggerAddress: localhost:54054}, networkConnectionEnabled: false, pageLoadStrategy: normal, platformName: WINDOWS, proxy: Proxy(), se:cdp: ws://localhost:54054/devtoo..., se:cdpVersion: 120.0.6099.71, setWindowRect: true, strictFileInteractability: false, timeouts: {implicit: 0, pageLoad: 300000, script: 30000}, unhandledPromptBehavior: dismiss and notify, webauthn:extension:credBlob: true, webauthn:extension:largeBlob: true, webauthn:extension:minPinLength: true, webauthn:extension:prf: true, webauthn:virtualAuthenticators: true}
Element: [[ChromeDriver: chrome on WINDOWS (49aa5122bd2a4e05c5f74827269aea6a)] -&gt; xpath: (//div[@uid=&#039;OLST_listGrid&#039;]/descendant::span[@class= &#039;gridxIndirectSelectionCheckBox dijitReset dijitInline dijitCheckBox &#039;])[2]]
Session ID: 49aa5122bd2a4e05c5f74827269aea6a" type="org.openqa.selenium.ElementClickInterceptedException">
      <![CDATA[org.openqa.selenium.ElementClickInterceptedException: element click intercepted: Element <span role="checkbox" class="gridxIndirectSelectionCheckBox dijitReset dijitInline dijitCheckBox " aria-checked="false">...</span> is not clickable at point (15, 383). Other element would receive the click: <div class="dijitDialogUnderlay scMask" dojoattachpoint="node" role="alert" id="dialogId_underlay" style="width: 1263px; height: 551px; text-align: center;"></div>
  (Session info: chrome=120.0.6099.71)
Build info: version: '4.4.0', revision: 'e5c75ed026a'
System info: host: 'SHUBHAMMALVIYA', ip: '192.168.29.61', os.name: 'Windows 11', os.arch: 'amd64', os.version: '10.0', java.version: '17.0.9'
Driver info: org.openqa.selenium.chrome.ChromeDriver
Command: [49aa5122bd2a4e05c5f74827269aea6a, clickElement {id=68027BC6423CB8F4125F684B5FE9F810_element_79}]
Capabilities {acceptInsecureCerts: false, browserName: chrome, browserVersion: 120.0.6099.71, chrome: {chromedriverVersion: 120.0.6099.71 (9729082fe617..., userDataDir: C:\Users\SHUBHA~1\AppData\L...}, fedcm:accounts: true, goog:chromeOptions: {debuggerAddress: localhost:54054}, networkConnectionEnabled: false, pageLoadStrategy: normal, platformName: WINDOWS, proxy: Proxy(), se:cdp: ws://localhost:54054/devtoo..., se:cdpVersion: 120.0.6099.71, setWindowRect: true, strictFileInteractability: false, timeouts: {implicit: 0, pageLoad: 300000, script: 30000}, unhandledPromptBehavior: dismiss and notify, webauthn:extension:credBlob: true, webauthn:extension:largeBlob: true, webauthn:extension:minPinLength: true, webauthn:extension:prf: true, webauthn:virtualAuthenticators: true}
Element: [[ChromeDriver: chrome on WINDOWS (49aa5122bd2a4e05c5f74827269aea6a)] -> xpath: (//div[@uid='OLST_listGrid']/descendant::span[@class= 'gridxIndirectSelectionCheckBox dijitReset dijitInline dijitCheckBox '])[2]]
Session ID: 49aa5122bd2a4e05c5f74827269aea6a
at java.base/jdk.internal.reflect.NativeConstructorAccessorImpl.newInstance0(Native Method)
at java.base/jdk.internal.reflect.NativeConstructorAccessorImpl.newInstance(NativeConstructorAccessorImpl.java:77)
at java.base/jdk.internal.reflect.DelegatingConstructorAccessorImpl.newInstance(DelegatingConstructorAccessorImpl.java:45)
at java.base/java.lang.reflect.Constructor.newInstanceWithCaller(Constructor.java:499)
at java.base/java.lang.reflect.Constructor.newInstance(Constructor.java:480)
at org.openqa.selenium.remote.codec.w3c.W3CHttpResponseCodec.createException(W3CHttpResponseCodec.java:200)
at org.openqa.selenium.remote.codec.w3c.W3CHttpResponseCodec.decode(W3CHttpResponseCodec.java:133)
at org.openqa.selenium.remote.codec.w3c.W3CHttpResponseCodec.decode(W3CHttpResponseCodec.java:53)
at org.openqa.selenium.remote.HttpCommandExecutor.execute(HttpCommandExecutor.java:184)
at org.openqa.selenium.remote.service.DriverCommandExecutor.invokeExecute(DriverCommandExecutor.java:167)
at org.openqa.selenium.remote.service.DriverCommandExecutor.execute(DriverCommandExecutor.java:142)
at org.openqa.selenium.remote.RemoteWebDriver.execute(RemoteWebDriver.java:547)
at org.openqa.selenium.remote.RemoteWebElement.execute(RemoteWebElement.java:257)
at org.openqa.selenium.remote.RemoteWebElement.click(RemoteWebElement.java:78)
at java.base/jdk.internal.reflect.NativeMethodAccessorImpl.invoke0(Native Method)
at java.base/jdk.internal.reflect.NativeMethodAccessorImpl.invoke(NativeMethodAccessorImpl.java:77)
at java.base/jdk.internal.reflect.DelegatingMethodAccessorImpl.invoke(DelegatingMethodAccessorImpl.java:43)
at java.base/java.lang.reflect.Method.invoke(Method.java:568)
at org.openqa.selenium.support.pagefactory.internal.LocatingElementHandler.invoke(LocatingElementHandler.java:52)
at jdk.proxy2/jdk.proxy2.$Proxy32.click(Unknown Source)
at utils.BasePage.click(BasePage.java:58)
at pages.web.CancelProductWebPage.selectCheckBtn(CancelProductWebPage.java:83)
at stepDefinitions.CallCenterUI_SecnarioStepDef.click_on_check_box_in_cancel_product_page(CallCenterUI_SecnarioStepDef.java:186)
at ✽.Click on CheckBox in Cancel product Page(file:///C:/Shubham/OMS-Balsam-Automation/BALSAM_OMS_EcommerceAutomationFramework/src/test/resources/features/web/CallCenterUI_Senarios.feature:49)
]]>
    </error>
  </testcase> <!-- runScenario -->
  <testcase classname="testRunners.TestRunner" name="runScenario" time="63.145">
    <error message="element click intercepted: Element &lt;span role=&quot;checkbox&quot; class=&quot;gridxIndirectSelectionCheckBox dijitReset dijitInline dijitCheckBox &quot; aria-checked=&quot;false&quot;&gt;...&lt;/span&gt; is not clickable at point (15, 430). Other element would receive the click: &lt;div class=&quot;dijitDialogUnderlay scMask&quot; dojoattachpoint=&quot;node&quot; role=&quot;alert&quot; id=&quot;dialogId_underlay&quot; style=&quot;width: 1263px; height: 551px; text-align: center;&quot;&gt;&lt;/div&gt;
  (Session info: chrome=120.0.6099.71)
Build info: version: &#039;4.4.0&#039;, revision: &#039;e5c75ed026a&#039;
System info: host: &#039;SHUBHAMMALVIYA&#039;, ip: &#039;192.168.29.61&#039;, os.name: &#039;Windows 11&#039;, os.arch: &#039;amd64&#039;, os.version: &#039;10.0&#039;, java.version: &#039;17.0.9&#039;
Driver info: org.openqa.selenium.chrome.ChromeDriver
Command: [b2ff93791c3d61bd70f7577d8b4106f7, clickElement {id=5A6CBA57B8EB8800C9F892587AC5D0AE_element_80}]
Capabilities {acceptInsecureCerts: false, browserName: chrome, browserVersion: 120.0.6099.71, chrome: {chromedriverVersion: 120.0.6099.71 (9729082fe617..., userDataDir: C:\Users\SHUBHA~1\AppData\L...}, fedcm:accounts: true, goog:chromeOptions: {debuggerAddress: localhost:54130}, networkConnectionEnabled: false, pageLoadStrategy: normal, platformName: WINDOWS, proxy: Proxy(), se:cdp: ws://localhost:54130/devtoo..., se:cdpVersion: 120.0.6099.71, setWindowRect: true, strictFileInteractability: false, timeouts: {implicit: 0, pageLoad: 300000, script: 30000}, unhandledPromptBehavior: dismiss and notify, webauthn:extension:credBlob: true, webauthn:extension:largeBlob: true, webauthn:extension:minPinLength: true, webauthn:extension:prf: true, webauthn:virtualAuthenticators: true}
Element: [[ChromeDriver: chrome on WINDOWS (b2ff93791c3d61bd70f7577d8b4106f7)] -&gt; xpath: (//div[@uid=&#039;OLST_listGrid&#039;]/descendant::span[@class= &#039;gridxIndirectSelectionCheckBox dijitReset dijitInline dijitCheckBox &#039;])[3]]
Session ID: b2ff93791c3d61bd70f7577d8b4106f7" type="org.openqa.selenium.ElementClickInterceptedException">
      <![CDATA[org.openqa.selenium.ElementClickInterceptedException: element click intercepted: Element <span role="checkbox" class="gridxIndirectSelectionCheckBox dijitReset dijitInline dijitCheckBox " aria-checked="false">...</span> is not clickable at point (15, 430). Other element would receive the click: <div class="dijitDialogUnderlay scMask" dojoattachpoint="node" role="alert" id="dialogId_underlay" style="width: 1263px; height: 551px; text-align: center;"></div>
  (Session info: chrome=120.0.6099.71)
Build info: version: '4.4.0', revision: 'e5c75ed026a'
System info: host: 'SHUBHAMMALVIYA', ip: '192.168.29.61', os.name: 'Windows 11', os.arch: 'amd64', os.version: '10.0', java.version: '17.0.9'
Driver info: org.openqa.selenium.chrome.ChromeDriver
Command: [b2ff93791c3d61bd70f7577d8b4106f7, clickElement {id=5A6CBA57B8EB8800C9F892587AC5D0AE_element_80}]
Capabilities {acceptInsecureCerts: false, browserName: chrome, browserVersion: 120.0.6099.71, chrome: {chromedriverVersion: 120.0.6099.71 (9729082fe617..., userDataDir: C:\Users\SHUBHA~1\AppData\L...}, fedcm:accounts: true, goog:chromeOptions: {debuggerAddress: localhost:54130}, networkConnectionEnabled: false, pageLoadStrategy: normal, platformName: WINDOWS, proxy: Proxy(), se:cdp: ws://localhost:54130/devtoo..., se:cdpVersion: 120.0.6099.71, setWindowRect: true, strictFileInteractability: false, timeouts: {implicit: 0, pageLoad: 300000, script: 30000}, unhandledPromptBehavior: dismiss and notify, webauthn:extension:credBlob: true, webauthn:extension:largeBlob: true, webauthn:extension:minPinLength: true, webauthn:extension:prf: true, webauthn:virtualAuthenticators: true}
Element: [[ChromeDriver: chrome on WINDOWS (b2ff93791c3d61bd70f7577d8b4106f7)] -> xpath: (//div[@uid='OLST_listGrid']/descendant::span[@class= 'gridxIndirectSelectionCheckBox dijitReset dijitInline dijitCheckBox '])[3]]
Session ID: b2ff93791c3d61bd70f7577d8b4106f7
at java.base/jdk.internal.reflect.NativeConstructorAccessorImpl.newInstance0(Native Method)
at java.base/jdk.internal.reflect.NativeConstructorAccessorImpl.newInstance(NativeConstructorAccessorImpl.java:77)
at java.base/jdk.internal.reflect.DelegatingConstructorAccessorImpl.newInstance(DelegatingConstructorAccessorImpl.java:45)
at java.base/java.lang.reflect.Constructor.newInstanceWithCaller(Constructor.java:499)
at java.base/java.lang.reflect.Constructor.newInstance(Constructor.java:480)
at org.openqa.selenium.remote.codec.w3c.W3CHttpResponseCodec.createException(W3CHttpResponseCodec.java:200)
at org.openqa.selenium.remote.codec.w3c.W3CHttpResponseCodec.decode(W3CHttpResponseCodec.java:133)
at org.openqa.selenium.remote.codec.w3c.W3CHttpResponseCodec.decode(W3CHttpResponseCodec.java:53)
at org.openqa.selenium.remote.HttpCommandExecutor.execute(HttpCommandExecutor.java:184)
at org.openqa.selenium.remote.service.DriverCommandExecutor.invokeExecute(DriverCommandExecutor.java:167)
at org.openqa.selenium.remote.service.DriverCommandExecutor.execute(DriverCommandExecutor.java:142)
at org.openqa.selenium.remote.RemoteWebDriver.execute(RemoteWebDriver.java:547)
at org.openqa.selenium.remote.RemoteWebElement.execute(RemoteWebElement.java:257)
at org.openqa.selenium.remote.RemoteWebElement.click(RemoteWebElement.java:78)
at java.base/jdk.internal.reflect.NativeMethodAccessorImpl.invoke0(Native Method)
at java.base/jdk.internal.reflect.NativeMethodAccessorImpl.invoke(NativeMethodAccessorImpl.java:77)
at java.base/jdk.internal.reflect.DelegatingMethodAccessorImpl.invoke(DelegatingMethodAccessorImpl.java:43)
at java.base/java.lang.reflect.Method.invoke(Method.java:568)
at org.openqa.selenium.support.pagefactory.internal.LocatingElementHandler.invoke(LocatingElementHandler.java:52)
at jdk.proxy2/jdk.proxy2.$Proxy32.click(Unknown Source)
at utils.BasePage.click(BasePage.java:58)
at pages.web.CancelProductWebPage.partialselectCheckBtn(CancelProductWebPage.java:90)
at stepDefinitions.CallCenterUI_SecnarioStepDef.click_on_check_box_in_partial_cancel_product_page(CallCenterUI_SecnarioStepDef.java:213)
at ✽.Click on CheckBox in Partial Cancel product Page(file:///C:/Shubham/OMS-Balsam-Automation/BALSAM_OMS_EcommerceAutomationFramework/src/test/resources/features/web/CallCenterUI_Senarios.feature:60)
]]>
    </error>
  </testcase> <!-- runScenario -->
</testsuite> <!-- testRunners.TestRunner -->
