<?xml version="1.0" encoding="UTF-8"?>
<testsuite xmlns:xsi="http://www.w3.org/2001/XMLSchema-instance" xsi:noNamespaceSchemaLocation="https://maven.apache.org/surefire/maven-surefire-plugin/xsd/surefire-test-report-3.0.xsd" version="3.0" name="testRunners.TestRunner" time="20.557" tests="1" errors="0" skipped="0" failures="1">
  <properties>
[...]
</properties>
  <testcase name="runScenario[&quot;Validate applying header level discount in callcenter&quot;, &quot;Call Center Login&quot;](1)" classname="testRunners.TestRunner" time="10.03">
    <failure message="element click intercepted: Element &lt;a class=&quot;idxLink idxLinkDerived&quot; dojoattachpoint=&quot;containerNode, linkNode, focusNode, stateNode, oneuiBaseNode&quot; tabindex=&quot;0&quot; alt=&quot;&quot; role=&quot;link&quot; wairole=&quot;link&quot; aria-label=&quot;&quot; href=&quot;javascript:;&quot;&gt;...&lt;/a&gt; is not clickable at point (1075, 475). Other element would receive the click: &lt;div class=&quot;dijitDialogUnderlay scMask&quot; dojoattachpoint=&quot;node&quot; role=&quot;alert&quot; id=&quot;dialogId_underlay&quot; style=&quot;width: 1263px; height: 551px; text-align: center;&quot;&gt;&lt;/div&gt;&#10;  (Session info: chrome=120.0.6099.71)&#10;Build info: version: &apos;4.4.0&apos;, revision: &apos;e5c75ed026a&apos;&#10;System info: host: &apos;SHUBHAMMALVIYA&apos;, ip: &apos;192.168.1.2&apos;, os.name: &apos;Windows 11&apos;, os.arch: &apos;amd64&apos;, os.version: &apos;10.0&apos;, java.version: &apos;17.0.9&apos;&#10;Driver info: org.openqa.selenium.chrome.ChromeDriver&#10;Command: [869127da6b7b807b91193da54ed84270, clickElement {id=4E0BF21EDA4E0CB38577FA7258456668_element_60}]&#10;Capabilities {acceptInsecureCerts: false, browserName: chrome, browserVersion: 120.0.6099.71, chrome: {chromedriverVersion: 120.0.6099.71 (9729082fe617..., userDataDir: C:\Users\SHUBHA~1\AppData\L...}, fedcm:accounts: true, goog:chromeOptions: {debuggerAddress: localhost:54310}, networkConnectionEnabled: false, pageLoadStrategy: normal, platformName: WINDOWS, proxy: Proxy(), se:cdp: ws://localhost:54310/devtoo..., se:cdpVersion: 120.0.6099.71, setWindowRect: true, strictFileInteractability: false, timeouts: {implicit: 0, pageLoad: 300000, script: 30000}, unhandledPromptBehavior: dismiss and notify, webauthn:extension:credBlob: true, webauthn:extension:largeBlob: true, webauthn:extension:minPinLength: true, webauthn:extension:prf: true, webauthn:virtualAuthenticators: true}&#10;Element: [[ChromeDriver: chrome on WINDOWS (869127da6b7b807b91193da54ed84270)] -&gt; link text: Manage Charges]&#10;Session ID: 869127da6b7b807b91193da54ed84270" type="org.openqa.selenium.ElementClickInterceptedException"><![CDATA[org.openqa.selenium.ElementClickInterceptedException: 
element click intercepted: Element <a class="idxLink idxLinkDerived" dojoattachpoint="containerNode, linkNode, focusNode, stateNode, oneuiBaseNode" tabindex="0" alt="" role="link" wairole="link" aria-label="" href="javascript:;">...</a> is not clickable at point (1075, 475). Other element would receive the click: <div class="dijitDialogUnderlay scMask" dojoattachpoint="node" role="alert" id="dialogId_underlay" style="width: 1263px; height: 551px; text-align: center;"></div>
  (Session info: chrome=120.0.6099.71)
Build info: version: '4.4.0', revision: 'e5c75ed026a'
System info: host: 'SHUBHAMMALVIYA', ip: '192.168.1.2', os.name: 'Windows 11', os.arch: 'amd64', os.version: '10.0', java.version: '17.0.9'
Driver info: org.openqa.selenium.chrome.ChromeDriver
Command: [869127da6b7b807b91193da54ed84270, clickElement {id=4E0BF21EDA4E0CB38577FA7258456668_element_60}]
Capabilities {acceptInsecureCerts: false, browserName: chrome, browserVersion: 120.0.6099.71, chrome: {chromedriverVersion: 120.0.6099.71 (9729082fe617..., userDataDir: C:\Users\SHUBHA~1\AppData\L...}, fedcm:accounts: true, goog:chromeOptions: {debuggerAddress: localhost:54310}, networkConnectionEnabled: false, pageLoadStrategy: normal, platformName: WINDOWS, proxy: Proxy(), se:cdp: ws://localhost:54310/devtoo..., se:cdpVersion: 120.0.6099.71, setWindowRect: true, strictFileInteractability: false, timeouts: {implicit: 0, pageLoad: 300000, script: 30000}, unhandledPromptBehavior: dismiss and notify, webauthn:extension:credBlob: true, webauthn:extension:largeBlob: true, webauthn:extension:minPinLength: true, webauthn:extension:prf: true, webauthn:virtualAuthenticators: true}
Element: [[ChromeDriver: chrome on WINDOWS (869127da6b7b807b91193da54ed84270)] -> link text: Manage Charges]
Session ID: 869127da6b7b807b91193da54ed84270
	at java.base/jdk.internal.reflect.NativeConstructorAccessorImpl.newInstance0(Native Method)
	at java.base/jdk.internal.reflect.NativeConstructorAccessorImpl.newInstance(NativeConstructorAccessorImpl.java:77)
	at java.base/jdk.internal.reflect.DelegatingConstructorAccessorImpl.newInstance(DelegatingConstructorAccessorImpl.java:45)
	at java.base/java.lang.reflect.Constructor.newInstanceWithCaller(Constructor.java:499)
	at java.base/java.lang.reflect.Constructor.newInstance(Constructor.java:480)
	at org.openqa.selenium.remote.codec.w3c.W3CHttpResponseCodec.createException(W3CHttpResponseCodec.java:200)
	at org.openqa.selenium.remote.codec.w3c.W3CHttpResponseCodec.decode(W3CHttpResponseCodec.java:133)
	at org.openqa.selenium.remote.codec.w3c.W3CHttpResponseCodec.decode(W3CHttpResponseCodec.java:53)
	at org.openqa.selenium.remote.HttpCommandExecutor.execute(HttpCommandExecutor.java:184)
	at org.openqa.selenium.remote.service.DriverCommandExecutor.invokeExecute(DriverCommandExecutor.java:167)
	at org.openqa.selenium.remote.service.DriverCommandExecutor.execute(DriverCommandExecutor.java:142)
	at org.openqa.selenium.remote.RemoteWebDriver.execute(RemoteWebDriver.java:547)
	at org.openqa.selenium.remote.RemoteWebElement.execute(RemoteWebElement.java:257)
	at org.openqa.selenium.remote.RemoteWebElement.click(RemoteWebElement.java:78)
	at java.base/jdk.internal.reflect.NativeMethodAccessorImpl.invoke0(Native Method)
	at java.base/jdk.internal.reflect.NativeMethodAccessorImpl.invoke(NativeMethodAccessorImpl.java:77)
	at java.base/jdk.internal.reflect.DelegatingMethodAccessorImpl.invoke(DelegatingMethodAccessorImpl.java:43)
	at java.base/java.lang.reflect.Method.invoke(Method.java:568)
	at org.openqa.selenium.support.pagefactory.internal.LocatingElementHandler.invoke(LocatingElementHandler.java:52)
	at jdk.proxy2/jdk.proxy2.$Proxy27.click(Unknown Source)
	at utils.BasePage.click(BasePage.java:58)
	at pages.web.ManageChargesWebPage.clickManageChargesLink(ManageChargesWebPage.java:59)
	at stepDefinitions.CallCenterUI_SecnarioStepDef.click_on_from_releated_task_sub_window(CallCenterUI_SecnarioStepDef.java:82)
	at ✽.Click on "ManageCharges" from Releated Task sub window(file:///C:/Users/ShubhamMalviya/OneDrive%20-%20VRIZE%20INDIA%20PRIVATE%20LIMITED/Documents/Mayank_ShareProject/ecommerce_framework_setup%202/EcommerceAutomationFramework/src/test/resources/features/web/CallCenterUI_Senarios.feature:20)
]]></failure>
    <system-out><![CDATA[http://sterling-oms-qa.z.balsamhill.com:9080/isccs/isccs/login.do

@CallCenter_UiScenario @ManageCharges
Scenario: Validate applying header level discount in callcenter                                   &amp#27;[90m# src/test/resources/features/web/CallCenterUI_Senarios.feature:19&amp#27;[0m
  &amp#27;[32mGiven &amp#27;[0m&amp#27;[32mUser launch Browser&amp#27;[0m                                                                       &amp#27;[90m# stepDefinitions.CallCenterUI_SecnarioStepDef.user_launch_browser()&amp#27;[0m
  &amp#27;[32mAnd &amp#27;[0m&amp#27;[32mThe user on login page&amp#27;[0m                                                                      &amp#27;[90m# stepDefinitions.CallCenterUI_SecnarioStepDef.the_user_on_login_page()&amp#27;[0m
  &amp#27;[32mWhen &amp#27;[0m&amp#27;[32mUser enter the <username> and <password>&amp#27;[0m                                                   &amp#27;[90m# stepDefinitions.CallCenterUI_SecnarioStepDef.user_enter_the_username_and_password(java.util.List<java.util.Map<java.lang.String, java.lang.String>>)&amp#27;[0m
    | username    | password |
    | csr_manager | password |
  &amp#27;[32mAnd &amp#27;[0m&amp#27;[32mUser click on login button&amp#27;[0m                                                                  &amp#27;[90m# stepDefinitions.CallCenterUI_SecnarioStepDef.user_click_on_login_button()&amp#27;[0m
Trial 1 was not able to find element with By.xpath: //span[@class = 'tabLabel' and text() = 'Home']
  &amp#27;[32mThen &amp#27;[0m&amp#27;[32mThe user will be display the home page&amp#27;[0m                                                     &amp#27;[90m# stepDefinitions.CallCenterUI_SecnarioStepDef.the_user_will_be_display_the_home_page()&amp#27;[0m
  &amp#27;[32mWhen &amp#27;[0m&amp#27;[32mUser enter the <OrderNumber> in order search text box&amp#27;[0m                                      &amp#27;[90m# stepDefinitions.CallCenterUI_SecnarioStepDef.user_enter_the_order_number_in_order_search_text_box(java.util.List<java.util.Map<java.lang.String, java.lang.String>>)&amp#27;[0m
    | OrderNumber |
    | Y100037011  |
  &amp#27;[32mAnd &amp#27;[0m&amp#27;[32mClick on  Find order&amp#27;[0m                                                                        &amp#27;[90m# stepDefinitions.CallCenterUI_SecnarioStepDef.click_on_find_order()&amp#27;[0m
Trial 1 was not able to find element with By.xpath: //span[text() = 'Order Summary']
  &amp#27;[32mThen &amp#27;[0m&amp#27;[32mThe order summary page should apper&amp#27;[0m                                                        &amp#27;[90m# stepDefinitions.CallCenterUI_SecnarioStepDef.the_order_summary_page_should_apper()&amp#27;[0m
  &amp#27;[31mWhen &amp#27;[0m&amp#27;[31mClick on &amp#27;[0m&amp#27;[31m&amp#27;[1m"ManageCharges"&amp#27;[0m&amp#27;[31m from Releated Task sub window&amp#27;[0m                                     &amp#27;[90m# stepDefinitions.CallCenterUI_SecnarioStepDef.click_on_from_releated_task_sub_window(java.lang.String)&amp#27;[0m
      &amp#27;[31morg.openqa.selenium.ElementClickInterceptedException: element click intercepted: Element <a class="idxLink idxLinkDerived" dojoattachpoint="containerNode, linkNode, focusNode, stateNode, oneuiBaseNode" tabindex="0" alt="" role="link" wairole="link" aria-label="" href="javascript:;">...</a> is not clickable at point (1075, 475). Other element would receive the click: <div class="dijitDialogUnderlay scMask" dojoattachpoint="node" role="alert" id="dialogId_underlay" style="width: 1263px; height: 551px; text-align: center;"></div>
  (Session info: chrome=120.0.6099.71)
Build info: version: '4.4.0', revision: 'e5c75ed026a'
System info: host: 'SHUBHAMMALVIYA', ip: '192.168.1.2', os.name: 'Windows 11', os.arch: 'amd64', os.version: '10.0', java.version: '17.0.9'
Driver info: org.openqa.selenium.chrome.ChromeDriver
Command: [869127da6b7b807b91193da54ed84270, clickElement {id=4E0BF21EDA4E0CB38577FA7258456668_element_60}]
Capabilities {acceptInsecureCerts: false, browserName: chrome, browserVersion: 120.0.6099.71, chrome: {chromedriverVersion: 120.0.6099.71 (9729082fe617..., userDataDir: C:\Users\SHUBHA~1\AppData\L...}, fedcm:accounts: true, goog:chromeOptions: {debuggerAddress: localhost:54310}, networkConnectionEnabled: false, pageLoadStrategy: normal, platformName: WINDOWS, proxy: Proxy(), se:cdp: ws://localhost:54310/devtoo..., se:cdpVersion: 120.0.6099.71, setWindowRect: true, strictFileInteractability: false, timeouts: {implicit: 0, pageLoad: 300000, script: 30000}, unhandledPromptBehavior: dismiss and notify, webauthn:extension:credBlob: true, webauthn:extension:largeBlob: true, webauthn:extension:minPinLength: true, webauthn:extension:prf: true, webauthn:virtualAuthenticators: true}
Element: [[ChromeDriver: chrome on WINDOWS (869127da6b7b807b91193da54ed84270)] -> link text: Manage Charges]
Session ID: 869127da6b7b807b91193da54ed84270
	at java.base/jdk.internal.reflect.NativeConstructorAccessorImpl.newInstance0(Native Method)
	at java.base/jdk.internal.reflect.NativeConstructorAccessorImpl.newInstance(NativeConstructorAccessorImpl.java:77)
	at java.base/jdk.internal.reflect.DelegatingConstructorAccessorImpl.newInstance(DelegatingConstructorAccessorImpl.java:45)
	at java.base/java.lang.reflect.Constructor.newInstanceWithCaller(Constructor.java:499)
	at java.base/java.lang.reflect.Constructor.newInstance(Constructor.java:480)
	at org.openqa.selenium.remote.codec.w3c.W3CHttpResponseCodec.createException(W3CHttpResponseCodec.java:200)
	at org.openqa.selenium.remote.codec.w3c.W3CHttpResponseCodec.decode(W3CHttpResponseCodec.java:133)
	at org.openqa.selenium.remote.codec.w3c.W3CHttpResponseCodec.decode(W3CHttpResponseCodec.java:53)
	at org.openqa.selenium.remote.HttpCommandExecutor.execute(HttpCommandExecutor.java:184)
	at org.openqa.selenium.remote.service.DriverCommandExecutor.invokeExecute(DriverCommandExecutor.java:167)
	at org.openqa.selenium.remote.service.DriverCommandExecutor.execute(DriverCommandExecutor.java:142)
	at org.openqa.selenium.remote.RemoteWebDriver.execute(RemoteWebDriver.java:547)
	at org.openqa.selenium.remote.RemoteWebElement.execute(RemoteWebElement.java:257)
	at org.openqa.selenium.remote.RemoteWebElement.click(RemoteWebElement.java:78)
	at java.base/jdk.internal.reflect.NativeMethodAccessorImpl.invoke0(Native Method)
	at java.base/jdk.internal.reflect.NativeMethodAccessorImpl.invoke(NativeMethodAccessorImpl.java:77)
	at java.base/jdk.internal.reflect.DelegatingMethodAccessorImpl.invoke(DelegatingMethodAccessorImpl.java:43)
	at java.base/java.lang.reflect.Method.invoke(Method.java:568)
	at org.openqa.selenium.support.pagefactory.internal.LocatingElementHandler.invoke(LocatingElementHandler.java:52)
	at jdk.proxy2/jdk.proxy2.$Proxy27.click(Unknown Source)
	at utils.BasePage.click(BasePage.java:58)
	at pages.web.ManageChargesWebPage.clickManageChargesLink(ManageChargesWebPage.java:59)
	at stepDefinitions.CallCenterUI_SecnarioStepDef.click_on_from_releated_task_sub_window(CallCenterUI_SecnarioStepDef.java:82)
	at âœ½.Click on "ManageCharges" from Releated Task sub window(file:///C:/Users/ShubhamMalviya/OneDrive%20-%20VRIZE%20INDIA%20PRIVATE%20LIMITED/Documents/Mayank_ShareProject/ecommerce_framework_setup%202/EcommerceAutomationFramework/src/test/resources/features/web/CallCenterUI_Senarios.feature:20)
&amp#27;[0m
  &amp#27;[36mAnd &amp#27;[0m&amp#27;[36mClick on &amp#27;[0m&amp#27;[36m&amp#27;[1m"Modify charges/Discounts"&amp#27;[0m&amp#27;[36m at header level&amp#27;[0m                                         &amp#27;[90m# stepDefinitions.CallCenterUI_SecnarioStepDef.click_on_at_header_level(java.lang.String)&amp#27;[0m
  &amp#27;[36mAnd &amp#27;[0m&amp#27;[36mSelect Discount/Refund from the <ChargeCategory> dropdown&amp#27;[0m                                   &amp#27;[90m# stepDefinitions.CallCenterUI_SecnarioStepDef.select_discount_refund_from_the_charge_category_dropdown(java.util.List<java.util.Map<java.lang.String, java.lang.String>>)&amp#27;[0m
    | ChargeCategory  |
    | Discount/Refund |
  &amp#27;[36mAnd &amp#27;[0m&amp#27;[36mSelect &amp#27;[0m&amp#27;[36m&amp#27;[1m"Product discount"&amp#27;[0m&amp#27;[36m from the charge name dropdown&amp#27;[0m                                     &amp#27;[90m# stepDefinitions.CallCenterUI_SecnarioStepDef.select_from_the_charge_name_dropdown(java.lang.String)&amp#27;[0m
  &amp#27;[36mAnd &amp#27;[0m&amp#27;[36mSelect &amp#27;[0m&amp#27;[36m&amp#27;[1m"Charge Per Line"&amp#27;[0m&amp#27;[36m  from the Applyto dropdown&amp#27;[0m                                         &amp#27;[90m# stepDefinitions.CallCenterUI_SecnarioStepDef.select_from_the_applyto_dropdown(java.lang.String)&amp#27;[0m
  &amp#27;[36mAnd &amp#27;[0m&amp#27;[36mProvide the discount amount in the <ChargeAmount> textbox&amp#27;[0m                                   &amp#27;[90m# stepDefinitions.CallCenterUI_SecnarioStepDef.provide_the_discount_amount_in_the_charge_amount_textbox(java.util.List<java.util.Map<java.lang.String, java.lang.String>>)&amp#27;[0m
    | ChargeAmount |
    | 20           |
  &amp#27;[36mAnd &amp#27;[0m&amp#27;[36mProvide the note in the Note textbox&amp#27;[0m                                                        &amp#27;[90m# stepDefinitions.CallCenterUI_SecnarioStepDef.provide_the_note_in_the_note_textbox(java.util.List<java.util.Map<java.lang.String, java.lang.String>>)&amp#27;[0m
    | Note            |
    | add all details |
  &amp#27;[36mAnd &amp#27;[0m&amp#27;[36mClick on the Apply button&amp#27;[0m                                                                   &amp#27;[90m# stepDefinitions.CallCenterUI_SecnarioStepDef.click_on_the_apply_button()&amp#27;[0m
  &amp#27;[36mAnd &amp#27;[0m&amp#27;[36mClick on Next button&amp#27;[0m                                                                        &amp#27;[90m# stepDefinitions.CallCenterUI_SecnarioStepDef.click_on_next_button()&amp#27;[0m
  &amp#27;[36mAnd &amp#27;[0m&amp#27;[36mClick on Confirm button&amp#27;[0m                                                                     &amp#27;[90m# stepDefinitions.CallCenterUI_SecnarioStepDef.click_on_confirm_button()&amp#27;[0m
  &amp#27;[36mThen &amp#27;[0m&amp#27;[36mThe discount amount that is applied to the order will be reflected in order Summary screen&amp#27;[0m &amp#27;[90m# stepDefinitions.CallCenterUI_SecnarioStepDef.the_discount_amount_that_is_applied_to_the_order_will_be_reflected_in_order_summary_screen()&amp#27;[0m
]]></system-out>
    <system-err><![CDATA[SLF4J: Failed to load class "org.slf4j.impl.StaticLoggerBinder".
SLF4J: Defaulting to no-operation (NOP) logger implementation
SLF4J: See http://www.slf4j.org/codes.html#StaticLoggerBinder for further details.
ERROR StatusLogger Log4j2 could not find a logging implementation. Please add log4j-core to the classpath. Using SimpleLogger to log to the console...
Starting ChromeDriver 120.0.6099.71 (9729082fe6174c0a371fc66501f5efc5d69d3d2b-refs/branch-heads/6099_56@{#13}) on port 56387
Only local connections are allowed.
Please see https://chromedriver.chromium.org/security-considerations for suggestions on keeping ChromeDriver safe.
ChromeDriver was started successfully.
Dec 07, 2023 8:16:31 PM org.openqa.selenium.remote.ProtocolHandshake createSession
INFO: Detected upstream dialect: W3C
Dec 07, 2023 8:16:31 PM org.openqa.selenium.devtools.CdpVersionFinder findNearestMatch
WARNING: Unable to find an exact match for CDP version 120, so returning the closest version found: a no-op implementation
Dec 07, 2023 8:16:31 PM org.openqa.selenium.devtools.CdpVersionFinder findNearestMatch
INFO: Unable to find CDP implementation matching 120.
Dec 07, 2023 8:16:31 PM org.openqa.selenium.chromium.ChromiumDriver lambda$new$3
WARNING: Unable to find version of CDP to use for . You may need to include a dependency on a specific version of the CDP using something similar to `org.seleniumhq.selenium:selenium-devtools-v86:4.4.0` where the version ("v86") matches the version of the chromium-based browser you're using and the version number of the artifact is the same as Selenium's.
]]></system-err>
  </testcase>
</testsuite>