-------------------------------------------------------------------------------
Test set: testRunners.TestRunner
-------------------------------------------------------------------------------
Tests run: 1, Failures: 1, Errors: 0, Skipped: 0, Time elapsed: 20.56 s <<< FAILURE! -- in testRunners.TestRunner
testRunners.TestRunner.runScenario["Validate applying header level discount in callcenter", "Call Center Login"](1) -- Time elapsed: 10.03 s <<< FAILURE!
org.openqa.selenium.ElementClickInterceptedException: 
element click intercepted: Element <a class="idxLink idxLinkDerived" dojoattachpoint="containerNode, linkNode, focusNode, stateNode, oneuiBaseNode" tabindex="0" alt="" role="link" wairole="link" aria-label="" href="javascript:;">...</a> is not clickable at point (1075, 475). Other element would receive the click: <div class="dijitDialogUnderlay scMask" dojoattachpoint="node" role="alert" id="dialogId_underlay" style="width: 1263px; height: 551px; text-align: center;"></div>
  (Session info: chrome=120.0.6099.71)
Build info: version: '4.4.0', revision: 'e5c75ed026a'
System info: host: 'SHUBHAMMALVIYA', ip: '192.168.1.2', os.name: 'Windows 11', os.arch: 'amd64', os.version: '10.0', java.version: '17.0.9'
Driver info: org.openqa.selenium.chrome.ChromeDriver
Command: [869127da6b7b807b91193da54ed84270, clickElement {id=4E0BF21EDA4E0CB38577FA7258456668_element_60}]
Capabilities {acceptInsecureCerts: false, browserName: chrome, browserVersion: 120.0.6099.71, chrome: {chromedriverVersion: 120.0.6099.71 (9729082fe617..., userDataDir: C:\Users\SHUBHA~1\AppData\L...}, fedcm:accounts: true, goog:chromeOptions: {debuggerAddress: localhost:54310}, networkConnectionEnabled: false, pageLoadStrategy: normal, platformName: WINDOWS, proxy: Proxy(), se:cdp: ws://localhost:54310/devtoo..., se:cdpVersion: 120.0.6099.71, setWindowRect: true, strictFileInteractability: false, timeouts: {implicit: 0, pageLoad: 300000, script: 30000}, unhandledPromptBehavior: dismiss and notify, webauthn:extension:credBlob: true, webauthn:extension:largeBlob: true, webauthn:extension:minPinLength: true, webauthn:extension:prf: true, webauthn:virtualAuthenticators: true}
Element: [[ChromeDriver: chrome on WINDOWS (869127da6b7b807b91193da54ed84270)] -> link text: Manage Charges]
Session ID: 869127da6b7b807b91193da54ed84270
	at java.base/jdk.internal.reflect.NativeConstructorAccessorImpl.newInstance0(Native Method)
	at java.base/jdk.internal.reflect.NativeConstructorAccessorImpl.newInstance(NativeConstructorAccessorImpl.java:77)
	at java.base/jdk.internal.reflect.DelegatingConstructorAccessorImpl.newInstance(DelegatingConstructorAccessorImpl.java:45)
	at java.base/java.lang.reflect.Constructor.newInstanceWithCaller(Constructor.java:499)
	at java.base/java.lang.reflect.Constructor.newInstance(Constructor.java:480)
	at org.openqa.selenium.remote.codec.w3c.W3CHttpResponseCodec.createException(W3CHttpResponseCodec.java:200)
	at org.openqa.selenium.remote.codec.w3c.W3CHttpResponseCodec.decode(W3CHttpResponseCodec.java:133)
	at org.openqa.selenium.remote.codec.w3c.W3CHttpResponseCodec.decode(W3CHttpResponseCodec.java:53)
	at org.openqa.selenium.remote.HttpCommandExecutor.execute(HttpCommandExecutor.java:184)
	at org.openqa.selenium.remote.service.DriverCommandExecutor.invokeExecute(DriverCommandExecutor.java:167)
	at org.openqa.selenium.remote.service.DriverCommandExecutor.execute(DriverCommandExecutor.java:142)
	at org.openqa.selenium.remote.RemoteWebDriver.execute(RemoteWebDriver.java:547)
	at org.openqa.selenium.remote.RemoteWebElement.execute(RemoteWebElement.java:257)
	at org.openqa.selenium.remote.RemoteWebElement.click(RemoteWebElement.java:78)
	at java.base/jdk.internal.reflect.NativeMethodAccessorImpl.invoke0(Native Method)
	at java.base/jdk.internal.reflect.NativeMethodAccessorImpl.invoke(NativeMethodAccessorImpl.java:77)
	at java.base/jdk.internal.reflect.DelegatingMethodAccessorImpl.invoke(DelegatingMethodAccessorImpl.java:43)
	at java.base/java.lang.reflect.Method.invoke(Method.java:568)
	at org.openqa.selenium.support.pagefactory.internal.LocatingElementHandler.invoke(LocatingElementHandler.java:52)
	at jdk.proxy2/jdk.proxy2.$Proxy27.click(Unknown Source)
	at utils.BasePage.click(BasePage.java:58)
	at pages.web.ManageChargesWebPage.clickManageChargesLink(ManageChargesWebPage.java:59)
	at stepDefinitions.CallCenterUI_SecnarioStepDef.click_on_from_releated_task_sub_window(CallCenterUI_SecnarioStepDef.java:82)
	at ✽.Click on "ManageCharges" from Releated Task sub window(file:///C:/Users/ShubhamMalviya/OneDrive%20-%20VRIZE%20INDIA%20PRIVATE%20LIMITED/Documents/Mayank_ShareProject/ecommerce_framework_setup%202/EcommerceAutomationFramework/src/test/resources/features/web/CallCenterUI_Senarios.feature:20)

